2020-10-07 13:22:00.690 [main] INFO   - source folder: E:\sourceFolder
2020-10-07 13:27:54.606 [main] INFO   - source folder: E:\sourceFolder
2020-10-07 13:33:03.394 [main] INFO   - source folder: E:\sourceFolder
2020-10-07 13:36:54.739 [main] INFO   - source folder: E:\sourceFolder
2020-10-07 13:37:05.807 [main] INFO   - target folder create: E:\targetFolder
2020-10-07 13:39:32.879 [main] INFO   - source folder: E:\sourceFolder
2020-10-07 13:39:34.911 [main] INFO   - target folder: E:\targetFolder
2020-10-07 13:40:26.129 [main] INFO   - source folder: E:\sourceFolder
2020-10-07 13:40:27.484 [main] INFO   - target folder create: E:\targetFolder
2020-10-07 13:42:05.868 [main] INFO   - source folder: E:\sourceFolder
2020-10-07 13:42:07.872 [main] INFO   - target folder create: E:\targetFolder
2020-10-07 13:44:13.761 [main] INFO   - source folder: E:\sourceFolder
2020-10-07 13:44:18.501 [main] INFO   - target folder: E:\targetFolder
2020-10-07 14:03:17.884 [main] INFO   - source folder: E:\sourceFolder
2020-10-07 14:03:28.762 [main] INFO   - target folder: E:\targetFolder
2020-10-07 14:07:17.755 [main] INFO   - source folder: E:\sourceFolder
2020-10-07 14:07:28.745 [main] INFO   - target folder create: E:\targetFolder\sourceFolder
2020-10-07 14:32:28.993 [main] INFO   - source folder: E:\sourceFolder
2020-10-07 14:32:35.084 [main] INFO   - target folder create: E:\targetFolder\sourceFolder
2020-10-07 14:34:52.120 [main] INFO   - source folder: E:\sourceFolder
2020-10-07 14:34:54.530 [main] INFO   - target folder create: E:\targetFolder\sourceFolder
2020-10-07 14:35:36.060 [main] INFO   - source folder: E:\sourceFolder
2020-10-07 14:36:15.511 [main] INFO   - target folder create: E:\targetFolder\sourceFolder
2020-10-07 14:37:02.372 [main] INFO   - source folder: E:\sourceFolder
2020-10-07 14:37:07.546 [main] INFO   - target folder create: E:\targetFolder\sourceFolder
2020-10-07 14:37:45.225 [main] INFO   - source folder: E:\sourceFolder
2020-10-07 14:40:27.128 [main] INFO   - target folder create: E:\targetFolder\sourceFolder
2020-10-07 14:41:24.175 [main] INFO   - source folder: E:\sourceFolder
2020-10-07 14:41:28.210 [main] INFO   - target folder: E:\targetFolder
2020-10-07 14:42:54.498 [main] INFO   - source folder: E:\sourceFolder
2020-10-07 14:43:01.720 [main] INFO   - target folder: E:\targetFolder
2020-10-07 14:44:31.253 [main] INFO   - source folder: E:\sourceFolder
2020-10-07 14:44:47.259 [main] INFO   - target folder: E:\targetFolder
2020-10-07 15:14:40.484 [main] INFO   - source folder: E:\sourceFolder
2020-10-07 15:15:37.140 [main] INFO   - target folder: E:\targetFolder
2020-10-07 15:18:11.489 [main] INFO   - source folder: E:\sourceFolder
2020-10-07 15:18:18.920 [main] INFO   - target folder create: E:\targetFolder
2020-10-07 15:19:10.391 [main] INFO   - source folder: E:\sourceFolder
2020-10-07 15:19:29.726 [main] INFO   - target folder create: E:\targetSource\sourceFolder
2020-10-07 15:19:43.180 [main] INFO   - source folder: E:\sourceFolder
2020-10-07 15:19:58.670 [main] INFO   - target folder create: E:\targetFolder\sourceFolder
2020-10-08 11:27:14.418 [main] INFO   - source folder: E:\sourceFolder
2020-10-08 11:27:31.340 [main] INFO   - target folder create: E:\targetFolder
2020-10-08 11:30:29.247 [main] INFO   - source folder: E:\sourceFolder
2020-10-08 11:30:33.663 [main] INFO   - target folder: E:\targetFolder
2020-10-08 11:35:33.500 [main] INFO   - source folder: E:\sourceFolder
2020-10-08 11:35:36.696 [main] INFO   - target folder create: sfsdf
